# Logfile created on 2014-02-02 13:23:47 -0500 by logger.rb/41954
I, [2014-02-02T13:23:47.526606 #34443]  INFO -- : 0:  backports (3.4.1) from /Users/KarenMak/.rvm/gems/ruby-2.1.0/specifications/backports-3.4.1.gemspec
I, [2014-02-02T13:23:47.527100 #34443]  INFO -- : 0:  coderay (1.1.0) from /Users/KarenMak/.rvm/gems/ruby-2.1.0/specifications/coderay-1.1.0.gemspec
I, [2014-02-02T13:23:47.527446 #34443]  INFO -- : 0:  json (1.8.1) from /Users/KarenMak/.rvm/gems/ruby-2.1.0/specifications/json-1.8.1.gemspec
I, [2014-02-02T13:23:47.527760 #34443]  INFO -- : 0:  multi_xml (0.5.5) from /Users/KarenMak/.rvm/gems/ruby-2.1.0/specifications/multi_xml-0.5.5.gemspec
I, [2014-02-02T13:23:47.528054 #34443]  INFO -- : 0:  httparty (0.12.0) from /Users/KarenMak/.rvm/gems/ruby-2.1.0/specifications/httparty-0.12.0.gemspec
I, [2014-02-02T13:23:47.528335 #34443]  INFO -- : 0:  method_source (0.8.2) from /Users/KarenMak/.rvm/gems/ruby-2.1.0/specifications/method_source-0.8.2.gemspec
I, [2014-02-02T13:23:47.528664 #34443]  INFO -- : 0:  multi_json (1.8.4) from /Users/KarenMak/.rvm/gems/ruby-2.1.0/specifications/multi_json-1.8.4.gemspec
I, [2014-02-02T13:23:47.529022 #34443]  INFO -- : 0:  slop (3.4.7) from /Users/KarenMak/.rvm/gems/ruby-2.1.0/specifications/slop-3.4.7.gemspec
I, [2014-02-02T13:23:47.529342 #34443]  INFO -- : 0:  pry (0.9.12.6) from /Users/KarenMak/.rvm/gems/ruby-2.1.0/specifications/pry-0.9.12.6.gemspec
I, [2014-02-02T13:23:47.529647 #34443]  INFO -- : 0:  rack (1.5.2) from /Users/KarenMak/.rvm/gems/ruby-2.1.0/specifications/rack-1.5.2.gemspec
I, [2014-02-02T13:23:47.529956 #34443]  INFO -- : 0:  rack-protection (1.5.2) from /Users/KarenMak/.rvm/gems/ruby-2.1.0/specifications/rack-protection-1.5.2.gemspec
I, [2014-02-02T13:23:47.530233 #34443]  INFO -- : 0:  rack-test (0.6.2) from /Users/KarenMak/.rvm/gems/ruby-2.1.0/specifications/rack-test-0.6.2.gemspec
I, [2014-02-02T13:23:47.530522 #34443]  INFO -- : 0:  tilt (1.4.1) from /Users/KarenMak/.rvm/gems/ruby-2.1.0/specifications/tilt-1.4.1.gemspec
I, [2014-02-02T13:23:47.530834 #34443]  INFO -- : 0:  sinatra (1.4.4) from /Users/KarenMak/.rvm/gems/ruby-2.1.0/specifications/sinatra-1.4.4.gemspec
I, [2014-02-02T13:23:47.531141 #34443]  INFO -- : 0:  sinatra-contrib (1.4.2) from /Users/KarenMak/.rvm/gems/ruby-2.1.0/specifications/sinatra-contrib-1.4.2.gemspec
I, [2014-02-02T13:23:47.531436 #34443]  INFO -- : 0:  sinatra-reloader (1.0) from /Users/KarenMak/.rvm/gems/ruby-2.1.0/specifications/sinatra-reloader-1.0.gemspec
I, [2014-02-02T13:23:47.531703 #34443]  INFO -- : 0:  bundler (1.5.1) from /Users/KarenMak/.rvm/gems/ruby-2.1.0@global/specifications/bundler-1.5.1.gemspec
I, [2014-02-02T13:34:02.591587 #34720]  INFO -- : 0:  backports (3.4.1) from /Users/KarenMak/.rvm/gems/ruby-2.1.0/specifications/backports-3.4.1.gemspec
I, [2014-02-02T13:34:02.592032 #34720]  INFO -- : 0:  coderay (1.1.0) from /Users/KarenMak/.rvm/gems/ruby-2.1.0/specifications/coderay-1.1.0.gemspec
I, [2014-02-02T13:34:02.592324 #34720]  INFO -- : 0:  json (1.8.1) from /Users/KarenMak/.rvm/gems/ruby-2.1.0/specifications/json-1.8.1.gemspec
I, [2014-02-02T13:34:02.592588 #34720]  INFO -- : 0:  multi_xml (0.5.5) from /Users/KarenMak/.rvm/gems/ruby-2.1.0/specifications/multi_xml-0.5.5.gemspec
I, [2014-02-02T13:34:02.592846 #34720]  INFO -- : 0:  httparty (0.12.0) from /Users/KarenMak/.rvm/gems/ruby-2.1.0/specifications/httparty-0.12.0.gemspec
I, [2014-02-02T13:34:02.593103 #34720]  INFO -- : 0:  method_source (0.8.2) from /Users/KarenMak/.rvm/gems/ruby-2.1.0/specifications/method_source-0.8.2.gemspec
I, [2014-02-02T13:34:02.593358 #34720]  INFO -- : 0:  multi_json (1.8.4) from /Users/KarenMak/.rvm/gems/ruby-2.1.0/specifications/multi_json-1.8.4.gemspec
I, [2014-02-02T13:34:02.593615 #34720]  INFO -- : 0:  slop (3.4.7) from /Users/KarenMak/.rvm/gems/ruby-2.1.0/specifications/slop-3.4.7.gemspec
I, [2014-02-02T13:34:02.593876 #34720]  INFO -- : 0:  pry (0.9.12.6) from /Users/KarenMak/.rvm/gems/ruby-2.1.0/specifications/pry-0.9.12.6.gemspec
I, [2014-02-02T13:34:02.594124 #34720]  INFO -- : 0:  rack (1.5.2) from /Users/KarenMak/.rvm/gems/ruby-2.1.0/specifications/rack-1.5.2.gemspec
I, [2014-02-02T13:34:02.594396 #34720]  INFO -- : 0:  rack-protection (1.5.2) from /Users/KarenMak/.rvm/gems/ruby-2.1.0/specifications/rack-protection-1.5.2.gemspec
I, [2014-02-02T13:34:02.594643 #34720]  INFO -- : 0:  rack-test (0.6.2) from /Users/KarenMak/.rvm/gems/ruby-2.1.0/specifications/rack-test-0.6.2.gemspec
I, [2014-02-02T13:34:02.594895 #34720]  INFO -- : 0:  tilt (1.4.1) from /Users/KarenMak/.rvm/gems/ruby-2.1.0/specifications/tilt-1.4.1.gemspec
I, [2014-02-02T13:34:02.595148 #34720]  INFO -- : 0:  sinatra (1.4.4) from /Users/KarenMak/.rvm/gems/ruby-2.1.0/specifications/sinatra-1.4.4.gemspec
I, [2014-02-02T13:34:02.595401 #34720]  INFO -- : 0:  sinatra-contrib (1.4.2) from /Users/KarenMak/.rvm/gems/ruby-2.1.0/specifications/sinatra-contrib-1.4.2.gemspec
I, [2014-02-02T13:34:02.595650 #34720]  INFO -- : 0:  sinatra-reloader (1.0) from /Users/KarenMak/.rvm/gems/ruby-2.1.0/specifications/sinatra-reloader-1.0.gemspec
I, [2014-02-02T13:34:02.595892 #34720]  INFO -- : 0:  bundler (1.5.1) from /Users/KarenMak/.rvm/gems/ruby-2.1.0@global/specifications/bundler-1.5.1.gemspec
I, [2014-02-02T13:34:23.610531 #34732]  INFO -- : 0:  backports (3.4.1) from /Users/KarenMak/.rvm/gems/ruby-2.1.0/specifications/backports-3.4.1.gemspec
I, [2014-02-02T13:34:23.610937 #34732]  INFO -- : 0:  coderay (1.1.0) from /Users/KarenMak/.rvm/gems/ruby-2.1.0/specifications/coderay-1.1.0.gemspec
I, [2014-02-02T13:34:23.611231 #34732]  INFO -- : 0:  json (1.8.1) from /Users/KarenMak/.rvm/gems/ruby-2.1.0/specifications/json-1.8.1.gemspec
I, [2014-02-02T13:34:23.611509 #34732]  INFO -- : 0:  multi_xml (0.5.5) from /Users/KarenMak/.rvm/gems/ruby-2.1.0/specifications/multi_xml-0.5.5.gemspec
I, [2014-02-02T13:34:23.611854 #34732]  INFO -- : 0:  httparty (0.12.0) from /Users/KarenMak/.rvm/gems/ruby-2.1.0/specifications/httparty-0.12.0.gemspec
I, [2014-02-02T13:34:23.612143 #34732]  INFO -- : 0:  method_source (0.8.2) from /Users/KarenMak/.rvm/gems/ruby-2.1.0/specifications/method_source-0.8.2.gemspec
I, [2014-02-02T13:34:23.612433 #34732]  INFO -- : 0:  multi_json (1.8.4) from /Users/KarenMak/.rvm/gems/ruby-2.1.0/specifications/multi_json-1.8.4.gemspec
I, [2014-02-02T13:34:23.612723 #34732]  INFO -- : 0:  slop (3.4.7) from /Users/KarenMak/.rvm/gems/ruby-2.1.0/specifications/slop-3.4.7.gemspec
I, [2014-02-02T13:34:23.613029 #34732]  INFO -- : 0:  pry (0.9.12.6) from /Users/KarenMak/.rvm/gems/ruby-2.1.0/specifications/pry-0.9.12.6.gemspec
I, [2014-02-02T13:34:23.613318 #34732]  INFO -- : 0:  rack (1.5.2) from /Users/KarenMak/.rvm/gems/ruby-2.1.0/specifications/rack-1.5.2.gemspec
I, [2014-02-02T13:34:23.613615 #34732]  INFO -- : 0:  rack-protection (1.5.2) from /Users/KarenMak/.rvm/gems/ruby-2.1.0/specifications/rack-protection-1.5.2.gemspec
I, [2014-02-02T13:34:23.613901 #34732]  INFO -- : 0:  rack-test (0.6.2) from /Users/KarenMak/.rvm/gems/ruby-2.1.0/specifications/rack-test-0.6.2.gemspec
I, [2014-02-02T13:34:23.614183 #34732]  INFO -- : 0:  tilt (1.4.1) from /Users/KarenMak/.rvm/gems/ruby-2.1.0/specifications/tilt-1.4.1.gemspec
I, [2014-02-02T13:34:23.614500 #34732]  INFO -- : 0:  sinatra (1.4.4) from /Users/KarenMak/.rvm/gems/ruby-2.1.0/specifications/sinatra-1.4.4.gemspec
I, [2014-02-02T13:34:23.614800 #34732]  INFO -- : 0:  sinatra-contrib (1.4.2) from /Users/KarenMak/.rvm/gems/ruby-2.1.0/specifications/sinatra-contrib-1.4.2.gemspec
I, [2014-02-02T13:34:23.615086 #34732]  INFO -- : 0:  sinatra-reloader (1.0) from /Users/KarenMak/.rvm/gems/ruby-2.1.0/specifications/sinatra-reloader-1.0.gemspec
I, [2014-02-02T13:34:23.615361 #34732]  INFO -- : 0:  bundler (1.5.1) from /Users/KarenMak/.rvm/gems/ruby-2.1.0@global/specifications/bundler-1.5.1.gemspec
I, [2014-02-02T15:12:47.813470 #37070]  INFO -- : 0:  backports (3.4.1) from /Users/KarenMak/.rvm/gems/ruby-2.1.0/specifications/backports-3.4.1.gemspec
I, [2014-02-02T15:12:47.829347 #37070]  INFO -- : 0:  coderay (1.1.0) from /Users/KarenMak/.rvm/gems/ruby-2.1.0/specifications/coderay-1.1.0.gemspec
I, [2014-02-02T15:12:47.829682 #37070]  INFO -- : 0:  method_source (0.8.2) from /Users/KarenMak/.rvm/gems/ruby-2.1.0/specifications/method_source-0.8.2.gemspec
I, [2014-02-02T15:12:47.830127 #37070]  INFO -- : 0:  mini_portile (0.5.2) from /Users/KarenMak/.rvm/gems/ruby-2.1.0/specifications/mini_portile-0.5.2.gemspec
I, [2014-02-02T15:12:47.830599 #37070]  INFO -- : 0:  multi_json (1.8.4) from /Users/KarenMak/.rvm/gems/ruby-2.1.0/specifications/multi_json-1.8.4.gemspec
I, [2014-02-02T15:12:47.831087 #37070]  INFO -- : 0:  nokogiri (1.6.1) from /Users/KarenMak/.rvm/gems/ruby-2.1.0/specifications/nokogiri-1.6.1.gemspec
I, [2014-02-02T15:12:47.831585 #37070]  INFO -- : 0:  slop (3.4.7) from /Users/KarenMak/.rvm/gems/ruby-2.1.0/specifications/slop-3.4.7.gemspec
I, [2014-02-02T15:12:47.832059 #37070]  INFO -- : 0:  pry (0.9.12.6) from /Users/KarenMak/.rvm/gems/ruby-2.1.0/specifications/pry-0.9.12.6.gemspec
I, [2014-02-02T15:12:47.832471 #37070]  INFO -- : 0:  rack (1.5.2) from /Users/KarenMak/.rvm/gems/ruby-2.1.0/specifications/rack-1.5.2.gemspec
I, [2014-02-02T15:12:47.832810 #37070]  INFO -- : 0:  rack-protection (1.5.2) from /Users/KarenMak/.rvm/gems/ruby-2.1.0/specifications/rack-protection-1.5.2.gemspec
I, [2014-02-02T15:12:47.833141 #37070]  INFO -- : 0:  rack-test (0.6.2) from /Users/KarenMak/.rvm/gems/ruby-2.1.0/specifications/rack-test-0.6.2.gemspec
I, [2014-02-02T15:12:47.833471 #37070]  INFO -- : 0:  tilt (1.4.1) from /Users/KarenMak/.rvm/gems/ruby-2.1.0/specifications/tilt-1.4.1.gemspec
I, [2014-02-02T15:12:47.833804 #37070]  INFO -- : 0:  sinatra (1.4.4) from /Users/KarenMak/.rvm/gems/ruby-2.1.0/specifications/sinatra-1.4.4.gemspec
I, [2014-02-02T15:12:47.834151 #37070]  INFO -- : 0:  sinatra-contrib (1.4.2) from /Users/KarenMak/.rvm/gems/ruby-2.1.0/specifications/sinatra-contrib-1.4.2.gemspec
I, [2014-02-02T15:12:47.834520 #37070]  INFO -- : 0:  sinatra-reloader (1.0) from /Users/KarenMak/.rvm/gems/ruby-2.1.0/specifications/sinatra-reloader-1.0.gemspec
I, [2014-02-02T15:12:47.834797 #37070]  INFO -- : 0:  bundler (1.5.1) from /Users/KarenMak/.rvm/gems/ruby-2.1.0@global/specifications/bundler-1.5.1.gemspec
